<?xml version="1.0" encoding="UTF-8"?>
<testsuite xmlns:xsi="http://www.w3.org/2001/XMLSchema-instance" xsi:noNamespaceSchemaLocation="https://maven.apache.org/surefire/maven-surefire-plugin/xsd/surefire-test-report.xsd" name="io.github.yuricaprini.unit.AuthTokenTest" time="1.215" tests="4" errors="0" skipped="0" failures="0">
  <properties>
[...]
</properties>
  <testcase name="flowShouldBeOK" classname="io.github.yuricaprini.unit.AuthTokenTest" time="0.195"/>
  <testcase name="tokensShouldBeEqual" classname="io.github.yuricaprini.unit.AuthTokenTest" time="0.001"/>
  <testcase name="tokenShouldBeExpired" classname="io.github.yuricaprini.unit.AuthTokenTest" time="0.007"/>
  <testcase name="tokensShouldBeDifferent" classname="io.github.yuricaprini.unit.AuthTokenTest" time="1.008"/>
</testsuite>